This is pdfTeX, Version 3.1415926-2.5-1.40.14 (TeX Live 2013/Debian) (format=pdflatex 2015.10.29)  23 MAY 2016 20:56
entering extended mode
 restricted \write18 enabled.
 %&-line parsing enabled.
**thesis_manteaux.tex
(./thesis_manteaux.tex
LaTeX2e <2011/06/27>
Babel <3.9h> and hyphenation patterns for 6 languages loaded.
(/usr/share/texlive/texmf-dist/tex/latex/memoir/memoir.cls
Document Class: memoir 2013/05/30 v3.7b configurable book, report, article docu
ment class
\onelineskip=\skip41
\lxvchars=\skip42
\xlvchars=\skip43
\@memcnta=\count79
\c@@memmarkcntra=\count80
(/usr/share/texlive/texmf-dist/tex/generic/oberdiek/ifpdf.sty
Package: ifpdf 2011/01/30 v2.3 Provides the ifpdf switch (HO)
Package ifpdf Info: pdfTeX in PDF mode is detected.
)
Class memoir Info: An `ifetex' package is being emulated on input line 265.

(/usr/share/texlive/texmf-dist/tex/generic/ifxetex/ifxetex.sty
Package: ifxetex 2010/09/12 v0.6 Provides ifxetex conditional
)
(/usr/share/texlive/texmf-dist/tex/generic/oberdiek/ifluatex.sty
Package: ifluatex 2010/03/01 v1.3 Provides the ifluatex switch (HO)
Package ifluatex Info: LuaTeX not detected.
)
\stockheight=\skip44
\stockwidth=\skip45
\trimtop=\skip46
\trimedge=\skip47

(/usr/share/texlive/texmf-dist/tex/latex/etex-pkg/etex.sty
Package: etex 1998/03/26 v2.0 eTeX basic definition package (PEB)
\et@xins=\count81
)
(/usr/share/texlive/texmf-dist/tex/latex/memoir/mem11.clo
File: mem11.clo 2008/01/30 v0.3 memoir class 11pt size option
)
\binding=\skip48
\spinemargin=\skip49
\foremargin=\skip50
\uppermargin=\skip51
\lowermargin=\skip52
\headdrop=\skip53
\normalrulethickness=\skip54
\mem@maxheadheight=\skip55
\mem@maxfootheight=\skip56
\headwidth=\skip57
\c@storedpagenumber=\count82
\memPD=\dimen102
\m@mabparskip=\skip58
\thanksmarkwidth=\skip59
\thanksmarksep=\skip60
\droptitle=\skip61
\c@book=\count83
\c@part=\count84
\c@chapter=\count85
\c@section=\count86
\c@subsection=\count87
\c@subsubsection=\count88
\c@paragraph=\count89
\c@subparagraph=\count90
\beforechapskip=\skip62
\midchapskip=\skip63
\afterchapskip=\skip64
\chapindent=\skip65
\bottomsectionskip=\skip66
\secindent=\skip67
\beforesecskip=\skip68
\aftersecskip=\skip69
\subsecindent=\skip70
\beforesubsecskip=\skip71
\aftersubsecskip=\skip72
\subsubsecindent=\skip73
\beforesubsubsecskip=\skip74
\aftersubsubsecskip=\skip75
\paraindent=\skip76
\beforeparaskip=\skip77
\afterparaskip=\skip78
\subparaindent=\skip79
\beforesubparaskip=\skip80
\aftersubparaskip=\skip81
\pfbreakskip=\skip82
\c@@ppsavesec=\count91
\c@@ppsaveapp=\count92
\ragrparindent=\dimen103
\everylistparindent=\dimen104
\parsepi=\skip83
\topsepi=\skip84
\itemsepi=\skip85
\parsepii=\skip86
\topsepii=\skip87
\topsepiii=\skip88
\itemsepii=\skip89
\itemsepiii=\skip90
\partopsepii=\skip91
\partopsepiii=\skip92
\m@msavetopsep=\skip93
\m@msavepartopsep=\skip94
\@enLab=\toks14
\abstitleskip=\skip95
\absleftindent=\skip96
\abs@leftindent=\dimen105
\absrightindent=\skip97
\absparindent=\skip98
\absparsep=\skip99
\c@vslineno=\count93
\c@poemline=\count94
\c@modulo@vs=\count95
\c@memfvsline=\count96
\vleftskip=\skip100
\vrightskip=\skip101
\stanzaskip=\skip102
\versewidth=\skip103
\vgap=\skip104
\vindent=\skip105
\vleftmargin=\dimen106
\c@verse=\count97
\c@chrsinstr=\count98
\beforepoemtitleskip=\skip106
\afterpoemtitleskip=\skip107
\c@poem=\count99
\beforePoemTitleskip=\skip108
\midPoemTitleskip=\skip109
\afterPoemTitleskip=\skip110
\col@sep=\dimen107
\extrarowheight=\dimen108
\NC@list=\toks15
\extratabsurround=\skip111
\backup@length=\skip112
\TX@col@width=\dimen109
\TX@old@table=\dimen110
\TX@old@col=\dimen111
\TX@target=\dimen112
\TX@delta=\dimen113
\TX@cols=\count100
\TX@ftn=\toks16
\heavyrulewidth=\dimen114
\lightrulewidth=\dimen115
\cmidrulewidth=\dimen116
\belowrulesep=\dimen117
\belowbottomsep=\dimen118
\aboverulesep=\dimen119
\abovetopsep=\dimen120
\cmidrulesep=\dimen121
\cmidrulekern=\dimen122
\defaultaddspace=\dimen123
\@cmidla=\count101
\@cmidlb=\count102
\@aboverulesep=\dimen124
\@belowrulesep=\dimen125
\@thisruleclass=\count103
\@lastruleclass=\count104
\@thisrulewidth=\dimen126
\ctableftskip=\skip113
\ctabrightskip=\skip114
\abovecolumnspenalty=\count105
\@linestogo=\count106
\@cellstogo=\count107
\@cellsincolumn=\count108
\crtok=\toks17
\@mincolumnwidth=\dimen127
\c@newflo@tctr=\count109
\mem@margin@floatbox=\box26
\@contcwidth=\skip115
\@contindw=\skip116
\abovecaptionskip=\skip117
\belowcaptionskip=\skip118
\subfloattopskip=\skip119
\subfloatcapskip=\skip120
\subfloatcaptopadj=\skip121
\subfloatbottomskip=\skip122
\subfloatlabelskip=\skip123
\subfloatcapmargin=\dimen128
\c@@contsubnum=\count110
\m@mscap@capbox=\box27
\m@mscap@fbox=\box28
\sidecapsep=\dimen129
\sidecapwidth=\dimen130
\m@m@tempdima=\dimen131
\m@mscapraise=\dimen132
\sidecapraise=\dimen133
\m@mscapmainwidth=\dimen134
\m@mscaplkern=\dimen135
\beforeepigraphskip=\skip124
\afterepigraphskip=\skip125
\epigraphwidth=\skip126
\epigraphrule=\skip127
LaTeX Info: Redefining \em on input line 7492.
LaTeX Info: Redefining \emph on input line 7500.
\tocentryskip=\skip128
\tocbaseline=\skip129
\cftparskip=\skip130
\cftbeforebookskip=\skip131
\cftbookindent=\dimen136
\cftbooknumwidth=\dimen137
\cftbeforepartskip=\skip132
\cftpartindent=\skip133
\cftpartnumwidth=\skip134
\cftbeforechapterskip=\skip135
\cftchapterindent=\skip136
\cftchapternumwidth=\skip137
\cftbeforesectionskip=\skip138
\cftsectionindent=\skip139
\cftsectionnumwidth=\skip140
\cftbeforesubsectionskip=\skip141
\cftsubsectionindent=\skip142
\cftsubsectionnumwidth=\skip143
\cftbeforesubsubsectionskip=\skip144
\cftsubsubsectionindent=\skip145
\cftsubsubsectionnumwidth=\skip146
\cftbeforeparagraphskip=\skip147
\cftparagraphindent=\skip148
\cftparagraphnumwidth=\skip149
\cftbeforesubparagraphskip=\skip150
\cftsubparagraphindent=\skip151
\cftsubparagraphnumwidth=\skip152
\prechapterprecisshift=\dimen138
\c@maxsecnumdepth=\count111
\bibindent=\dimen139
\bibitemsep=\skip153
\indexcolsep=\skip154
\indexrule=\skip155
\indexmarkstyle=\toks18
\@indexbox=\insert233
\glossarycolsep=\dimen140
\glossaryrule=\dimen141
\sideparvshift=\skip156
\sideins=\insert232
\sidebartopsep=\skip157
\sidebarhsep=\skip158
\sidebarvsep=\skip159
\sidebarwidth=\skip160
\footmarkwidth=\skip161
\footmarksep=\skip162
\footparindent=\skip163
\footinsdim=\skip164
\footinsv@r=\insert231
\@mpfootinsv@r=\insert230
\m@m@k=\count112
\m@m@h=\dimen142
\m@mipn@skip=\skip165
\sidefootins=\insert229
\sidefootadjust=\skip166
\sidefootheight=\skip167
\sidefoothsep=\skip168
\sidefootvsep=\skip169
\sidefootwidth=\skip170
\m@mdownsf=\skip171
\c@sidefootnote=\count113
\sidefootmarkwidth=\skip172
\sidefootmarksep=\skip173
\sidefootparindent=\skip174
\c@pagenote=\count114
\c@pagenoteshadow=\count115
\mem@pn@lastkern=\skip175
\every@verbatim=\toks19
\afterevery@verbatim=\toks20
\verbatim@line=\toks21
\tab@position=\count116
\verbatim@in@stream=\read1
\verbatimindent=\skip176
\verbatim@out=\write3
\bvboxsep=\skip177
\c@memfbvline=\count117
\c@bvlinectr=\count118
\bvnumlength=\skip178
\fb@frw=\dimen143
\fb@frh=\dimen144
\FrameRule=\dimen145
\FrameSep=\dimen146
\c@cp@cntr=\count119
LaTeX Info: Redefining \: on input line 11958.
LaTeX Info: Redefining \! on input line 11960.
\c@ism@mctr=\count120
\c@xsm@mctr=\count121
\c@csm@mctr=\count122
\c@ksm@mctr=\count123
\c@xksm@mctr=\count124
\c@cksm@mctr=\count125
\c@msm@mctr=\count126
\c@xmsm@mctr=\count127
\c@cmsm@mctr=\count128
\c@bsm@mctr=\count129
\c@workm@mctr=\count130
\c@sheetsequence=\count131
\c@lastsheet=\count132
\c@lastpage=\count133
\c@figure=\count134
\c@lofdepth=\count135
\cftbeforefigureskip=\skip179
\cftfigureindent=\skip180
\cftfigurenumwidth=\skip181
\c@table=\count136
\c@lotdepth=\count137
\cftbeforetableskip=\skip182
\cfttableindent=\skip183
\cfttablenumwidth=\skip184
Package abstract [2008/07/23] emulated by memoir.
Package appendix [2008/07/23] emulated by memoir.
Package array [2008/09/09] emulated by memoir.
Package booktabs [2008/07/23] emulated by memoir.
Package ccaption [2008/07/23] emulated by memoir.
Package changepage [2008/07/23] emulated by memoir.
Package chngcntr [2008/07/23] emulated by memoir.
Package chngpage [2008/07/23] emulated by memoir.
Package crop emulated by memoir.
Package dcolumn [2008/07/23] emulated by memoir.
Package delarray [2008/07/23] emulated by memoir.
Package enumerate [2008/07/23] emulated by memoir.
Package epigraph [2008/07/23] emulated by memoir.
Package ifmtarg [2008/07/23] emulated by memoir.
Package ifetex [2008/07/23] emulated by memoir.
Package index [2008/07/23] emulated by memoir.
Package makeidx [2008/07/23] emulated by memoir.
Package moreverb [2008/07/23] emulated by memoir.
Package mparhack [2008/07/23] emulated by memoir.
Package needspace [2008/07/23] emulated by memoir.
Package newfile [2008/07/23] emulated by memoir.
Package nextpage [2008/07/23] emulated by memoir.
Package pagenote [2008/07/23] emulated by memoir.
Package parskip [2008/07/23] emulated by memoir.
Package patchcmd [2008/07/23] emulated by memoir.
Package setspace [2008/07/23] emulated by memoir.
Package shortvrb [2008/07/23] emulated by memoir.
Package showidx [2008/07/23] emulated by memoir.
Package tabularx [2008/07/23] emulated by memoir.
Package titleref [2008/07/23] emulated by memoir.
Package titling [2008/07/23] emulated by memoir.
Package tocbibind [2008/07/23] emulated by memoir.
Package tocloft [2008/07/23] emulated by memoir.
Package tocvsec2 [2008/07/23] emulated by memoir.
Package verbatim [2008/07/23] emulated by memoir.
Package verse [2008/07/23] emulated by memoir.

(/usr/share/texlive/texmf-dist/tex/latex/memoir/mempatch.sty
Package: mempatch 2009/07/24 v6.0f Patches for memoir class v1.6180339
))
(/usr/share/texlive/texmf-dist/tex/latex/base/inputenc.sty
Package: inputenc 2008/03/30 v1.1d Input encoding file
\inpenc@prehook=\toks22
\inpenc@posthook=\toks23

(/usr/share/texlive/texmf-dist/tex/latex/base/utf8.def
File: utf8.def 2008/04/05 v1.1m UTF-8 support for inputenc
Now handling font encoding OML ...
... no UTF-8 mapping file for font encoding OML
Now handling font encoding T1 ...
... processing UTF-8 mapping file for font encoding T1

(/usr/share/texlive/texmf-dist/tex/latex/base/t1enc.dfu
File: t1enc.dfu 2008/04/05 v1.1m UTF-8 support for inputenc
   defining Unicode char U+00A1 (decimal 161)
   defining Unicode char U+00A3 (decimal 163)
   defining Unicode char U+00AB (decimal 171)
   defining Unicode char U+00BB (decimal 187)
   defining Unicode char U+00BF (decimal 191)
   defining Unicode char U+00C0 (decimal 192)
   defining Unicode char U+00C1 (decimal 193)
   defining Unicode char U+00C2 (decimal 194)
   defining Unicode char U+00C3 (decimal 195)
   defining Unicode char U+00C4 (decimal 196)
   defining Unicode char U+00C5 (decimal 197)
   defining Unicode char U+00C6 (decimal 198)
   defining Unicode char U+00C7 (decimal 199)
   defining Unicode char U+00C8 (decimal 200)
   defining Unicode char U+00C9 (decimal 201)
   defining Unicode char U+00CA (decimal 202)
   defining Unicode char U+00CB (decimal 203)
   defining Unicode char U+00CC (decimal 204)
   defining Unicode char U+00CD (decimal 205)
   defining Unicode char U+00CE (decimal 206)
   defining Unicode char U+00CF (decimal 207)
   defining Unicode char U+00D0 (decimal 208)
   defining Unicode char U+00D1 (decimal 209)
   defining Unicode char U+00D2 (decimal 210)
   defining Unicode char U+00D3 (decimal 211)
   defining Unicode char U+00D4 (decimal 212)
   defining Unicode char U+00D5 (decimal 213)
   defining Unicode char U+00D6 (decimal 214)
   defining Unicode char U+00D8 (decimal 216)
   defining Unicode char U+00D9 (decimal 217)
   defining Unicode char U+00DA (decimal 218)
   defining Unicode char U+00DB (decimal 219)
   defining Unicode char U+00DC (decimal 220)
   defining Unicode char U+00DD (decimal 221)
   defining Unicode char U+00DE (decimal 222)
   defining Unicode char U+00DF (decimal 223)
   defining Unicode char U+00E0 (decimal 224)
   defining Unicode char U+00E1 (decimal 225)
   defining Unicode char U+00E2 (decimal 226)
   defining Unicode char U+00E3 (decimal 227)
   defining Unicode char U+00E4 (decimal 228)
   defining Unicode char U+00E5 (decimal 229)
   defining Unicode char U+00E6 (decimal 230)
   defining Unicode char U+00E7 (decimal 231)
   defining Unicode char U+00E8 (decimal 232)
   defining Unicode char U+00E9 (decimal 233)
   defining Unicode char U+00EA (decimal 234)
   defining Unicode char U+00EB (decimal 235)
   defining Unicode char U+00EC (decimal 236)
   defining Unicode char U+00ED (decimal 237)
   defining Unicode char U+00EE (decimal 238)
   defining Unicode char U+00EF (decimal 239)
   defining Unicode char U+00F0 (decimal 240)
   defining Unicode char U+00F1 (decimal 241)
   defining Unicode char U+00F2 (decimal 242)
   defining Unicode char U+00F3 (decimal 243)
   defining Unicode char U+00F4 (decimal 244)
   defining Unicode char U+00F5 (decimal 245)
   defining Unicode char U+00F6 (decimal 246)
   defining Unicode char U+00F8 (decimal 248)
   defining Unicode char U+00F9 (decimal 249)
   defining Unicode char U+00FA (decimal 250)
   defining Unicode char U+00FB (decimal 251)
   defining Unicode char U+00FC (decimal 252)
   defining Unicode char U+00FD (decimal 253)
   defining Unicode char U+00FE (decimal 254)
   defining Unicode char U+00FF (decimal 255)
   defining Unicode char U+0102 (decimal 258)
   defining Unicode char U+0103 (decimal 259)
   defining Unicode char U+0104 (decimal 260)
   defining Unicode char U+0105 (decimal 261)
   defining Unicode char U+0106 (decimal 262)
   defining Unicode char U+0107 (decimal 263)
   defining Unicode char U+010C (decimal 268)
   defining Unicode char U+010D (decimal 269)
   defining Unicode char U+010E (decimal 270)
   defining Unicode char U+010F (decimal 271)
   defining Unicode char U+0110 (decimal 272)
   defining Unicode char U+0111 (decimal 273)
   defining Unicode char U+0118 (decimal 280)
   defining Unicode char U+0119 (decimal 281)
   defining Unicode char U+011A (decimal 282)
   defining Unicode char U+011B (decimal 283)
   defining Unicode char U+011E (decimal 286)
   defining Unicode char U+011F (decimal 287)
   defining Unicode char U+0130 (decimal 304)
   defining Unicode char U+0131 (decimal 305)
   defining Unicode char U+0132 (decimal 306)
   defining Unicode char U+0133 (decimal 307)
   defining Unicode char U+0139 (decimal 313)
   defining Unicode char U+013A (decimal 314)
   defining Unicode char U+013D (decimal 317)
   defining Unicode char U+013E (decimal 318)
   defining Unicode char U+0141 (decimal 321)
   defining Unicode char U+0142 (decimal 322)
   defining Unicode char U+0143 (decimal 323)
   defining Unicode char U+0144 (decimal 324)
   defining Unicode char U+0147 (decimal 327)
   defining Unicode char U+0148 (decimal 328)
   defining Unicode char U+014A (decimal 330)
   defining Unicode char U+014B (decimal 331)
   defining Unicode char U+0150 (decimal 336)
   defining Unicode char U+0151 (decimal 337)
   defining Unicode char U+0152 (decimal 338)
   defining Unicode char U+0153 (decimal 339)
   defining Unicode char U+0154 (decimal 340)
   defining Unicode char U+0155 (decimal 341)
   defining Unicode char U+0158 (decimal 344)
   defining Unicode char U+0159 (decimal 345)
   defining Unicode char U+015A (decimal 346)
   defining Unicode char U+015B (decimal 347)
   defining Unicode char U+015E (decimal 350)
   defining Unicode char U+015F (decimal 351)
   defining Unicode char U+0160 (decimal 352)
   defining Unicode char U+0161 (decimal 353)
   defining Unicode char U+0162 (decimal 354)
   defining Unicode char U+0163 (decimal 355)
   defining Unicode char U+0164 (decimal 356)
   defining Unicode char U+0165 (decimal 357)
   defining Unicode char U+016E (decimal 366)
   defining Unicode char U+016F (decimal 367)
   defining Unicode char U+0170 (decimal 368)
   defining Unicode char U+0171 (decimal 369)
   defining Unicode char U+0178 (decimal 376)
   defining Unicode char U+0179 (decimal 377)
   defining Unicode char U+017A (decimal 378)
   defining Unicode char U+017B (decimal 379)
   defining Unicode char U+017C (decimal 380)
   defining Unicode char U+017D (decimal 381)
   defining Unicode char U+017E (decimal 382)
   defining Unicode char U+200C (decimal 8204)
   defining Unicode char U+2013 (decimal 8211)
   defining Unicode char U+2014 (decimal 8212)
   defining Unicode char U+2018 (decimal 8216)
   defining Unicode char U+2019 (decimal 8217)
   defining Unicode char U+201A (decimal 8218)
   defining Unicode char U+201C (decimal 8220)
   defining Unicode char U+201D (decimal 8221)
   defining Unicode char U+201E (decimal 8222)
   defining Unicode char U+2030 (decimal 8240)
   defining Unicode char U+2031 (decimal 8241)
   defining Unicode char U+2039 (decimal 8249)
   defining Unicode char U+203A (decimal 8250)
   defining Unicode char U+2423 (decimal 9251)
)
Now handling font encoding OT1 ...
... processing UTF-8 mapping file for font encoding OT1

(/usr/share/texlive/texmf-dist/tex/latex/base/ot1enc.dfu
File: ot1enc.dfu 2008/04/05 v1.1m UTF-8 support for inputenc
   defining Unicode char U+00A1 (decimal 161)
   defining Unicode char U+00A3 (decimal 163)
   defining Unicode char U+00B8 (decimal 184)
   defining Unicode char U+00BF (decimal 191)
   defining Unicode char U+00C5 (decimal 197)
   defining Unicode char U+00C6 (decimal 198)
   defining Unicode char U+00D8 (decimal 216)
   defining Unicode char U+00DF (decimal 223)
   defining Unicode char U+00E6 (decimal 230)
   defining Unicode char U+00EC (decimal 236)
   defining Unicode char U+00ED (decimal 237)
   defining Unicode char U+00EE (decimal 238)
   defining Unicode char U+00EF (decimal 239)
   defining Unicode char U+00F8 (decimal 248)
   defining Unicode char U+0131 (decimal 305)
   defining Unicode char U+0141 (decimal 321)
   defining Unicode char U+0142 (decimal 322)
   defining Unicode char U+0152 (decimal 338)
   defining Unicode char U+0153 (decimal 339)
   defining Unicode char U+2013 (decimal 8211)
   defining Unicode char U+2014 (decimal 8212)
   defining Unicode char U+2018 (decimal 8216)
   defining Unicode char U+2019 (decimal 8217)
   defining Unicode char U+201C (decimal 8220)
   defining Unicode char U+201D (decimal 8221)
)
Now handling font encoding OMS ...
... processing UTF-8 mapping file for font encoding OMS

(/usr/share/texlive/texmf-dist/tex/latex/base/omsenc.dfu
File: omsenc.dfu 2008/04/05 v1.1m UTF-8 support for inputenc
   defining Unicode char U+00A7 (decimal 167)
   defining Unicode char U+00B6 (decimal 182)
   defining Unicode char U+00B7 (decimal 183)
   defining Unicode char U+2020 (decimal 8224)
   defining Unicode char U+2021 (decimal 8225)
   defining Unicode char U+2022 (decimal 8226)
)
Now handling font encoding OMX ...
... no UTF-8 mapping file for font encoding OMX
Now handling font encoding U ...
... no UTF-8 mapping file for font encoding U
   defining Unicode char U+00A9 (decimal 169)
   defining Unicode char U+00AA (decimal 170)
   defining Unicode char U+00AE (decimal 174)
   defining Unicode char U+00BA (decimal 186)
   defining Unicode char U+02C6 (decimal 710)
   defining Unicode char U+02DC (decimal 732)
   defining Unicode char U+200C (decimal 8204)
   defining Unicode char U+2026 (decimal 8230)
   defining Unicode char U+2122 (decimal 8482)
   defining Unicode char U+2423 (decimal 9251)
))
(/usr/share/texlive/texmf-dist/tex/latex/base/fontenc.sty
Package: fontenc 2005/09/27 v1.99g Standard LaTeX package

(/usr/share/texlive/texmf-dist/tex/latex/base/t1enc.def
File: t1enc.def 2005/09/27 v1.99g Standard LaTeX file
LaTeX Font Info:    Redeclaring font encoding T1 on input line 43.
))
(/usr/share/texmf/tex/latex/lm/lmodern.sty
Package: lmodern 2009/10/30 v1.6 Latin Modern Fonts
LaTeX Font Info:    Overwriting symbol font `operators' in version `normal'
(Font)                  OT1/cmr/m/n --> OT1/lmr/m/n on input line 22.
LaTeX Font Info:    Overwriting symbol font `letters' in version `normal'
(Font)                  OML/cmm/m/it --> OML/lmm/m/it on input line 23.
LaTeX Font Info:    Overwriting symbol font `symbols' in version `normal'
(Font)                  OMS/cmsy/m/n --> OMS/lmsy/m/n on input line 24.
LaTeX Font Info:    Overwriting symbol font `largesymbols' in version `normal'
(Font)                  OMX/cmex/m/n --> OMX/lmex/m/n on input line 25.
LaTeX Font Info:    Overwriting symbol font `operators' in version `bold'
(Font)                  OT1/cmr/bx/n --> OT1/lmr/bx/n on input line 26.
LaTeX Font Info:    Overwriting symbol font `letters' in version `bold'
(Font)                  OML/cmm/b/it --> OML/lmm/b/it on input line 27.
LaTeX Font Info:    Overwriting symbol font `symbols' in version `bold'
(Font)                  OMS/cmsy/b/n --> OMS/lmsy/b/n on input line 28.
LaTeX Font Info:    Overwriting symbol font `largesymbols' in version `bold'
(Font)                  OMX/cmex/m/n --> OMX/lmex/m/n on input line 29.
LaTeX Font Info:    Overwriting math alphabet `\mathbf' in version `normal'
(Font)                  OT1/cmr/bx/n --> OT1/lmr/bx/n on input line 31.
LaTeX Font Info:    Overwriting math alphabet `\mathsf' in version `normal'
(Font)                  OT1/cmss/m/n --> OT1/lmss/m/n on input line 32.
LaTeX Font Info:    Overwriting math alphabet `\mathit' in version `normal'
(Font)                  OT1/cmr/m/it --> OT1/lmr/m/it on input line 33.
LaTeX Font Info:    Overwriting math alphabet `\mathtt' in version `normal'
(Font)                  OT1/cmtt/m/n --> OT1/lmtt/m/n on input line 34.
LaTeX Font Info:    Overwriting math alphabet `\mathbf' in version `bold'
(Font)                  OT1/cmr/bx/n --> OT1/lmr/bx/n on input line 35.
LaTeX Font Info:    Overwriting math alphabet `\mathsf' in version `bold'
(Font)                  OT1/cmss/bx/n --> OT1/lmss/bx/n on input line 36.
LaTeX Font Info:    Overwriting math alphabet `\mathit' in version `bold'
(Font)                  OT1/cmr/bx/it --> OT1/lmr/bx/it on input line 37.
LaTeX Font Info:    Overwriting math alphabet `\mathtt' in version `bold'
(Font)                  OT1/cmtt/m/n --> OT1/lmtt/m/n on input line 38.
)
(/usr/share/texmf/tex/latex/biblatex/latex/biblatex.sty
Package: biblatex 2016/03/03 v3.3 programmable bibliographies (PK/JW/AB)

(/usr/share/texmf/tex/latex/biblatex/latex/biblatex_.sty
Package: biblatex_ 2016/03/03 v3.3 programmable bibliographies (biber) (PK/JW/A
B)

(/usr/share/texlive/texmf-dist/tex/latex/etoolbox/etoolbox.sty
Package: etoolbox 2011/01/03 v2.1 e-TeX tools for LaTeX
\etb@tempcnta=\count138
)
(/usr/share/texlive/texmf-dist/tex/latex/graphics/keyval.sty
Package: keyval 1999/03/16 v1.13 key=value parser (DPC)
\KV@toks@=\toks24
)
(/usr/share/texlive/texmf-dist/tex/latex/oberdiek/kvoptions.sty
Package: kvoptions 2011/06/30 v3.11 Key value format for package options (HO)

(/usr/share/texlive/texmf-dist/tex/generic/oberdiek/ltxcmds.sty
Package: ltxcmds 2011/11/09 v1.22 LaTeX kernel commands for general use (HO)
)
(/usr/share/texlive/texmf-dist/tex/generic/oberdiek/kvsetkeys.sty
Package: kvsetkeys 2012/04/25 v1.16 Key value parser (HO)

(/usr/share/texlive/texmf-dist/tex/generic/oberdiek/infwarerr.sty
Package: infwarerr 2010/04/08 v1.3 Providing info/warning/error messages (HO)
)
(/usr/share/texlive/texmf-dist/tex/generic/oberdiek/etexcmds.sty
Package: etexcmds 2011/02/16 v1.5 Avoid name clashes with e-TeX commands (HO)
Package etexcmds Info: Could not find \expanded.
(etexcmds)             That can mean that you are not using pdfTeX 1.50 or
(etexcmds)             that some package has redefined \expanded.
(etexcmds)             In the latter case, load this package earlier.
)))
(/usr/share/texmf/tex/latex/logreq/logreq.sty
Package: logreq 2010/08/04 v1.0 xml request logger
\lrq@indent=\count139

(/usr/share/texmf/tex/latex/logreq/logreq.def
File: logreq.def 2010/08/04 v1.0 logreq spec v1.0
))
(/usr/share/texlive/texmf-dist/tex/latex/base/ifthen.sty
Package: ifthen 2001/05/26 v1.1c Standard LaTeX ifthen package (DPC)
)
(/usr/share/texlive/texmf-dist/tex/latex/url/url.sty
\Urlmuskip=\muskip10
Package: url 2013/09/16  ver 3.4  Verb mode for urls, etc.
)
\c@tabx@nest=\count140
\c@listtotal=\count141
\c@listcount=\count142
\c@liststart=\count143
\c@liststop=\count144
\c@citecount=\count145
\c@citetotal=\count146
\c@multicitecount=\count147
\c@multicitetotal=\count148
\c@instcount=\count149
\c@maxnames=\count150
\c@minnames=\count151
\c@maxitems=\count152
\c@minitems=\count153
\c@citecounter=\count154
\c@savedcitecounter=\count155
\c@uniquelist=\count156
\c@uniquename=\count157
\c@refsection=\count158
\c@refsegment=\count159
\c@maxextratitle=\count160
\c@maxextratitleyear=\count161
\c@maxextrayear=\count162
\c@maxextraalpha=\count163
\c@abbrvpenalty=\count164
\c@highnamepenalty=\count165
\c@lownamepenalty=\count166
\c@maxparens=\count167
\c@parenlevel=\count168
\blx@tempcnta=\count169
\blx@tempcntb=\count170
\blx@tempcntc=\count171
\blx@maxsection=\count172
\blx@maxsegment@0=\count173
\blx@notetype=\count174
\blx@parenlevel@text=\count175
\blx@parenlevel@foot=\count176
\blx@sectionciteorder@0=\count177
\labelnumberwidth=\skip185
\labelalphawidth=\skip186
\biblabelsep=\skip187
\bibnamesep=\skip188
\bibinitsep=\skip189
\bibparsep=\skip190
\bibhang=\skip191
\blx@bcfin=\read2
\blx@bcfout=\write4
\c@mincomprange=\count178
\c@maxcomprange=\count179
\c@mincompwidth=\count180
Package biblatex Info: Trying to load biblatex default data model...
Package biblatex Info: ... file 'blx-dm.def' found.

(/usr/share/texmf/tex/latex/biblatex/latex/blx-dm.def)
Package biblatex Info: Trying to load biblatex style data model...
Package biblatex Info: ... file 'alphabetic.dbx' not found.
Package biblatex Info: Trying to load biblatex custom data model...
Package biblatex Info: ... file 'biblatex-dm.cfg' not found.
\c@afterword=\count181
\c@savedafterword=\count182
\c@annotator=\count183
\c@savedannotator=\count184
\c@author=\count185
\c@savedauthor=\count186
\c@bookauthor=\count187
\c@savedbookauthor=\count188
\c@commentator=\count189
\c@savedcommentator=\count190
\c@editor=\count191
\c@savededitor=\count192
\c@editora=\count193
\c@savededitora=\count194
\c@editorb=\count195
\c@savededitorb=\count196
\c@editorc=\count197
\c@savededitorc=\count198
\c@foreword=\count199
\c@savedforeword=\count200
\c@holder=\count201
\c@savedholder=\count202
\c@introduction=\count203
\c@savedintroduction=\count204
\c@namea=\count205
\c@savednamea=\count206
\c@nameb=\count207
\c@savednameb=\count208
\c@namec=\count209
\c@savednamec=\count210
\c@translator=\count211
\c@savedtranslator=\count212
\c@shortauthor=\count213
\c@savedshortauthor=\count214
\c@shorteditor=\count215
\c@savedshorteditor=\count216
\c@labelname=\count217
\c@savedlabelname=\count218
\c@institution=\count219
\c@savedinstitution=\count220
\c@lista=\count221
\c@savedlista=\count222
\c@listb=\count223
\c@savedlistb=\count224
\c@listc=\count225
\c@savedlistc=\count226
\c@listd=\count227
\c@savedlistd=\count228
Normal \count register pool exhausted, switching to extended pool.
\c@liste=\count277
\c@savedliste=\count278
\c@listf=\count279
\c@savedlistf=\count280
\c@location=\count281
\c@savedlocation=\count282
\c@organization=\count283
\c@savedorganization=\count284
\c@origlocation=\count285
\c@savedoriglocation=\count286
\c@origpublisher=\count287
\c@savedorigpublisher=\count288
\c@publisher=\count289
\c@savedpublisher=\count290
\c@language=\count291
\c@savedlanguage=\count292
\c@pageref=\count293
\c@savedpageref=\count294
\shorthandwidth=\skip192
\shortjournalwidth=\skip193
\shortserieswidth=\skip194
\shorttitlewidth=\skip195
\shortauthorwidth=\skip196
\shorteditorwidth=\skip197
Package biblatex Info: Trying to load compatibility code...
Package biblatex Info: ... file 'blx-compat.def' found.

(/usr/share/texmf/tex/latex/biblatex/latex/blx-compat.def
File: blx-compat.def 2016/03/03 v3.3 biblatex compatibility (PK/JW/AB)
)
Package biblatex Info: Trying to load generic definitions...
Package biblatex Info: ... file 'biblatex_.def' found.

(/usr/share/texmf/tex/latex/biblatex/latex/biblatex_.def
File: biblatex_.def 
\c@textcitecount=\count295
\c@textcitetotal=\count296
\c@textcitemaxnames=\count297
\c@biburlnumpenalty=\count298
\c@biburlucpenalty=\count299
\c@biburllcpenalty=\count300
\c@smartand=\count301
)
Package biblatex Info: Trying to load bibliography style 'alphabetic'...
Package biblatex Info: ... file 'alphabetic.bbx' found.

(/usr/share/texmf/tex/latex/biblatex/latex/bbx/alphabetic.bbx
File: alphabetic.bbx 2016/03/03 v3.3 biblatex bibliography style (PK/JW/AB)
Package biblatex Info: Trying to load bibliography style 'standard'...
Package biblatex Info: ... file 'standard.bbx' found.

(/usr/share/texmf/tex/latex/biblatex/latex/bbx/standard.bbx
File: standard.bbx 2016/03/03 v3.3 biblatex bibliography style (PK/JW/AB)
\c@bbx:relatedcount=\count302
\c@bbx:relatedtotal=\count303
))
Package biblatex Info: Trying to load citation style 'alphabetic'...
Package biblatex Info: ... file 'alphabetic.cbx' found.

(/usr/share/texmf/tex/latex/biblatex/latex/cbx/alphabetic.cbx
File: alphabetic.cbx 2016/03/03 v3.3 biblatex citation style (PK/JW/AB)
Package biblatex Info: Redefining '\cite'.
Package biblatex Info: Redefining '\parencite'.
Package biblatex Info: Redefining '\footcite'.
Package biblatex Info: Redefining '\footcitetext'.
Package biblatex Info: Redefining '\smartcite'.
Package biblatex Info: Redefining '\textcite'.
Package biblatex Info: Redefining '\textcites'.
Package biblatex Info: Redefining '\cites'.
Package biblatex Info: Redefining '\parencites'.
Package biblatex Info: Redefining '\smartcites'.
)
Package biblatex Info: Trying to load configuration file...
Package biblatex Info: ... file 'biblatex.cfg' found.

(/usr/share/texmf/tex/latex/biblatex/latex/biblatex.cfg
File: biblatex.cfg 
)))
(/usr/share/texlive/texmf-dist/tex/latex/csquotes/csquotes.sty
Package: csquotes 2011/10/22 v5.1d context-sensitive quotations
\csq@reset=\count304
\csq@gtype=\count305
\csq@glevel=\count306
\csq@qlevel=\count307
\csq@maxlvl=\count308
\csq@tshold=\count309
\csq@ltx@everypar=\toks25

(/usr/share/texlive/texmf-dist/tex/latex/csquotes/csquotes.def
File: csquotes.def 2011/10/22 v5.1d csquotes generic definitions
)
Package csquotes Info: Trying to load configuration file 'csquotes.cfg'...
Package csquotes Info: ... configuration file loaded successfully.

(/usr/share/texlive/texmf-dist/tex/latex/csquotes/csquotes.cfg
File: csquotes.cfg 
))
(/usr/share/texlive/texmf-dist/tex/latex/hyperref/hyperref.sty
Package: hyperref 2012/11/06 v6.83m Hypertext links for LaTeX

(/usr/share/texlive/texmf-dist/tex/generic/oberdiek/hobsub-hyperref.sty
Package: hobsub-hyperref 2012/05/28 v1.13 Bundle oberdiek, subset hyperref (HO)


(/usr/share/texlive/texmf-dist/tex/generic/oberdiek/hobsub-generic.sty
Package: hobsub-generic 2012/05/28 v1.13 Bundle oberdiek, subset generic (HO)
Package: hobsub 2012/05/28 v1.13 Construct package bundles (HO)
Package hobsub Info: Skipping package `infwarerr' (already loaded).
Package hobsub Info: Skipping package `ltxcmds' (already loaded).
Package hobsub Info: Skipping package `ifluatex' (already loaded).
Package: ifvtex 2010/03/01 v1.5 Detect VTeX and its facilities (HO)
Package ifvtex Info: VTeX not detected.
Package: intcalc 2007/09/27 v1.1 Expandable calculations with integers (HO)
Package hobsub Info: Skipping package `ifpdf' (already loaded).
Package hobsub Info: Skipping package `etexcmds' (already loaded).
Package hobsub Info: Skipping package `kvsetkeys' (already loaded).
Package: kvdefinekeys 2011/04/07 v1.3 Define keys (HO)
Package: pdftexcmds 2011/11/29 v0.20 Utility functions of pdfTeX for LuaTeX (HO
)
Package pdftexcmds Info: LuaTeX not detected.
Package pdftexcmds Info: \pdf@primitive is available.
Package pdftexcmds Info: \pdf@ifprimitive is available.
Package pdftexcmds Info: \pdfdraftmode found.
Package: pdfescape 2011/11/25 v1.13 Implements pdfTeX's escape features (HO)
Package: bigintcalc 2012/04/08 v1.3 Expandable calculations on big integers (HO
)
Package: bitset 2011/01/30 v1.1 Handle bit-vector datatype (HO)
Package: uniquecounter 2011/01/30 v1.2 Provide unlimited unique counter (HO)
)
Package hobsub Info: Skipping package `hobsub' (already loaded).
Package: letltxmacro 2010/09/02 v1.4 Let assignment for LaTeX macros (HO)
Package: hopatch 2012/05/28 v1.2 Wrapper for package hooks (HO)
Package: xcolor-patch 2011/01/30 xcolor patch
Package: atveryend 2011/06/30 v1.8 Hooks at the very end of document (HO)
Package: atbegshi 2011/10/05 v1.16 At begin shipout hook (HO)
Package: refcount 2011/10/16 v3.4 Data extraction from label references (HO)
Package: hycolor 2011/01/30 v1.7 Color options for hyperref/bookmark (HO)
)
(/usr/share/texlive/texmf-dist/tex/latex/oberdiek/auxhook.sty
Package: auxhook 2011/03/04 v1.3 Hooks for auxiliary files (HO)
)
\@linkdim=\dimen147
\Hy@linkcounter=\count310
\Hy@pagecounter=\count311

(/usr/share/texlive/texmf-dist/tex/latex/hyperref/pd1enc.def
File: pd1enc.def 2012/11/06 v6.83m Hyperref: PDFDocEncoding definition (HO)
Now handling font encoding PD1 ...
... no UTF-8 mapping file for font encoding PD1
)
\Hy@SavedSpaceFactor=\count312

(/usr/share/texlive/texmf-dist/tex/latex/latexconfig/hyperref.cfg
File: hyperref.cfg 2002/06/06 v1.2 hyperref configuration of TeXLive
)
Package hyperref Info: Option `colorlinks' set `true' on input line 4319.
Package hyperref Info: Hyper figures OFF on input line 4443.
Package hyperref Info: Link nesting OFF on input line 4448.
Package hyperref Info: Hyper index ON on input line 4451.
Package hyperref Info: Plain pages OFF on input line 4458.
Package hyperref Info: Backreferencing OFF on input line 4463.
Package hyperref Info: Implicit mode ON; LaTeX internals redefined.
Package hyperref Info: Bookmarks ON on input line 4688.
\c@Hy@tempcnt=\count313
LaTeX Info: Redefining \url on input line 5041.
\XeTeXLinkMargin=\dimen148
\Fld@menulength=\count314
\Field@Width=\dimen149
\Fld@charsize=\dimen150
Package hyperref Info: Hyper figures OFF on input line 6295.
Package hyperref Info: Link nesting OFF on input line 6300.
Package hyperref Info: Hyper index ON on input line 6303.
Package hyperref Info: backreferencing OFF on input line 6310.
Package hyperref Info: Link coloring ON on input line 6313.
Package hyperref Info: Link coloring with OCG OFF on input line 6320.
Package hyperref Info: PDF/A mode OFF on input line 6325.
LaTeX Info: Redefining \ref on input line 6365.
LaTeX Info: Redefining \pageref on input line 6369.
\Hy@abspage=\count315
\c@Item=\count316
\c@Hfootnote=\count317
)
(/usr/share/texlive/texmf-dist/tex/latex/memoir/memhfixc.sty
Package: memhfixc 2013/05/30 v1.17 nameref/hyperref package fixes for memoir cl
ass
\c@memhycontfloat=\count318
\c@Hpagenote=\count319
)

Package hyperref Message: Driver (autodetected): hpdftex.

(/usr/share/texlive/texmf-dist/tex/latex/hyperref/hpdftex.def
File: hpdftex.def 2012/11/06 v6.83m Hyperref driver for pdfTeX
\Fld@listcount=\count320
\c@bookmark@seq@number=\count321

(/usr/share/texlive/texmf-dist/tex/latex/oberdiek/rerunfilecheck.sty
Package: rerunfilecheck 2011/04/15 v1.7 Rerun checks for auxiliary files (HO)
Package uniquecounter Info: New unique counter `rerunfilecheck' on input line 2
82.
)
\Hy@SectionHShift=\skip198
)
(/usr/share/texlive/texmf-dist/tex/latex/amsmath/amsmath.sty
Package: amsmath 2013/01/14 v2.14 AMS math features
\@mathmargin=\skip199

For additional information on amsmath, use the `?' option.
(/usr/share/texlive/texmf-dist/tex/latex/amsmath/amstext.sty
Package: amstext 2000/06/29 v2.01

(/usr/share/texlive/texmf-dist/tex/latex/amsmath/amsgen.sty
File: amsgen.sty 1999/11/30 v2.0
\@emptytoks=\toks26
\ex@=\dimen151
))
(/usr/share/texlive/texmf-dist/tex/latex/amsmath/amsbsy.sty
Package: amsbsy 1999/11/29 v1.2d
\pmbraise@=\dimen152
)
(/usr/share/texlive/texmf-dist/tex/latex/amsmath/amsopn.sty
Package: amsopn 1999/12/14 v2.01 operator names
)
\inf@bad=\count322
LaTeX Info: Redefining \frac on input line 210.
\uproot@=\count323
\leftroot@=\count324
LaTeX Info: Redefining \overline on input line 306.
\classnum@=\count325
\DOTSCASE@=\count326
LaTeX Info: Redefining \ldots on input line 378.
LaTeX Info: Redefining \dots on input line 381.
LaTeX Info: Redefining \cdots on input line 466.
\Mathstrutbox@=\box29
\strutbox@=\box30
\big@size=\dimen153
LaTeX Font Info:    Redeclaring font encoding OML on input line 566.
LaTeX Font Info:    Redeclaring font encoding OMS on input line 567.
\macc@depth=\count327
\c@MaxMatrixCols=\count328
\dotsspace@=\muskip11
\c@parentequation=\count329
\dspbrk@lvl=\count330
\tag@help=\toks27
\row@=\count331
\column@=\count332
\maxfields@=\count333
\andhelp@=\toks28
\eqnshift@=\dimen154
\alignsep@=\dimen155
\tagshift@=\dimen156
\tagwidth@=\dimen157
\totwidth@=\dimen158
\lineht@=\dimen159
\@envbody=\toks29
\multlinegap=\skip200
\multlinetaggap=\skip201
\mathdisplay@stack=\toks30
LaTeX Info: Redefining \[ on input line 2665.
LaTeX Info: Redefining \] on input line 2666.
)
(/usr/share/texlive/texmf-dist/tex/latex/graphics/graphicx.sty
Package: graphicx 1999/02/16 v1.0f Enhanced LaTeX Graphics (DPC,SPQR)

(/usr/share/texlive/texmf-dist/tex/latex/graphics/graphics.sty
Package: graphics 2009/02/05 v1.0o Standard LaTeX Graphics (DPC,SPQR)

(/usr/share/texlive/texmf-dist/tex/latex/graphics/trig.sty
Package: trig 1999/03/16 v1.09 sin cos tan (DPC)
)
(/usr/share/texlive/texmf-dist/tex/latex/latexconfig/graphics.cfg
File: graphics.cfg 2010/04/23 v1.9 graphics configuration of TeX Live
)
Package graphics Info: Driver file: pdftex.def on input line 91.

(/usr/share/texlive/texmf-dist/tex/latex/pdftex-def/pdftex.def
File: pdftex.def 2011/05/27 v0.06d Graphics/color for pdfTeX
\Gread@gobject=\count334
))
\Gin@req@height=\dimen160
\Gin@req@width=\dimen161
)
(/usr/share/texlive/texmf-dist/tex/latex/oberdiek/transparent.sty
Package: transparent 2007/01/08 v1.0 Transparency via pdfTeX's color stack (HO)

)
(/usr/share/texlive/texmf-dist/tex/latex/soul/soul.sty
Package: soul 2003/11/17 v2.4 letterspacing/underlining (mf)
\SOUL@word=\toks31
\SOUL@lasttoken=\toks32
\SOUL@cmds=\toks33
\SOUL@buffer=\toks34
\SOUL@token=\toks35
\SOUL@spaceskip=\skip202
\SOUL@ttwidth=\dimen162
\SOUL@uldp=\dimen163
\SOUL@ulht=\dimen164
)
(/usr/share/texmf/tex/latex/xcolor/xcolor.sty
Package: xcolor 2007/01/21 v2.11 LaTeX color extensions (UK)

(/usr/share/texlive/texmf-dist/tex/latex/latexconfig/color.cfg
File: color.cfg 2007/01/18 v1.5 color configuration of teTeX/TeXLive
)
Package xcolor Info: Package option `usenames' ignored on input line 216.
Package xcolor Info: Driver file: pdftex.def on input line 225.
Package xcolor Info: Model `cmy' substituted by `cmy0' on input line 1337.
Package xcolor Info: Model `hsb' substituted by `rgb' on input line 1341.
Package xcolor Info: Model `RGB' extended on input line 1353.
Package xcolor Info: Model `HTML' substituted by `rgb' on input line 1355.
Package xcolor Info: Model `Hsb' substituted by `hsb' on input line 1356.
Package xcolor Info: Model `tHsb' substituted by `hsb' on input line 1357.
Package xcolor Info: Model `HSB' substituted by `hsb' on input line 1358.
Package xcolor Info: Model `Gray' substituted by `gray' on input line 1359.
Package xcolor Info: Model `wave' substituted by `hsb' on input line 1360.

(/usr/share/texlive/texmf-dist/tex/latex/graphics/dvipsnam.def
File: dvipsnam.def 1999/02/16 v3.0i Driver-dependant file (DPC,SPQR)
))
(/usr/share/texmf/tex/latex/algorithms/algorithm.sty
Package: algorithm 2009/08/24 v0.1 Document Style `algorithm' - floating enviro
nment

(/usr/share/texlive/texmf-dist/tex/latex/float/float.sty
Package: float 2001/11/08 v1.3d Float enhancements (AL)
\c@float@type=\count335
\float@exts=\toks36
\float@box=\box31
\@float@everytoks=\toks37
\@floatcapt=\box32
)
\@float@every@algorithm=\toks38
\c@algorithm=\count336
)
(/usr/share/texmf/tex/latex/algorithmicx/algpseudocode.sty
Package: algpseudocode 

(/usr/share/texmf/tex/latex/algorithmicx/algorithmicx.sty
Package: algorithmicx 2005/04/27 v1.2 Algorithmicx

Document Style algorithmicx 1.2 - a greatly improved `algorithmic' style
\c@ALG@line=\count337
\c@ALG@rem=\count338
\c@ALG@nested=\count339
\ALG@tlm=\skip203
\ALG@thistlm=\skip204
\c@ALG@Lnr=\count340
\c@ALG@blocknr=\count341
\c@ALG@storecount=\count342
\c@ALG@tmpcounter=\count343
\ALG@tmplength=\skip205
)
Document Style - pseudocode environments for use with the `algorithmicx' style
) (/usr/share/texlive/texmf-dist/tex/latex/microtype/microtype.sty
Package: microtype 2013/05/23 v2.5a Micro-typographical refinements (RS)
\MT@toks=\toks39
\MT@count=\count344
LaTeX Info: Redefining \textls on input line 766.
\MT@outer@kern=\dimen165
LaTeX Info: Redefining \textmicrotypecontext on input line 1285.
\MT@listname@count=\count345

(/usr/share/texlive/texmf-dist/tex/latex/microtype/microtype-pdftex.def
File: microtype-pdftex.def 2013/05/23 v2.5a Definitions specific to pdftex (RS)

LaTeX Info: Redefining \lsstyle on input line 915.
LaTeX Info: Redefining \lslig on input line 915.
\MT@outer@space=\skip206
)
Package microtype Info: Loading configuration file microtype.cfg.

(/usr/share/texlive/texmf-dist/tex/latex/microtype/microtype.cfg
File: microtype.cfg 2013/05/23 v2.5a microtype main configuration file (RS)
))
(/usr/share/texlive/texmf-dist/tex/latex/caption/subcaption.sty
Package: subcaption 2013/02/03 v1.1-62 Sub-captions (AR)


Class memoir Warning: You are using the caption package with the memoir class. 
To prepare we will now reset all captioning macros and configurations to kernel
 defaults, and then let the caption package take over. Please remember to use t
he caption package interfaces in order to configure your captions. .

(/usr/share/texlive/texmf-dist/tex/latex/caption/caption.sty
Package: caption 2013/05/02 v3.3-89 Customizing captions (AR)

(/usr/share/texlive/texmf-dist/tex/latex/caption/caption3.sty
Package: caption3 2013/05/02 v1.6-88 caption3 kernel (AR)
Package caption3 Info: TeX engine: e-TeX on input line 57.
\captionmargin=\dimen166
\captionmargin@=\dimen167
\captionwidth=\dimen168
\caption@tempdima=\dimen169
\caption@indent=\dimen170
\caption@parindent=\dimen171
\caption@hangindent=\dimen172
)
\c@ContinuedFloat=\count346
Package caption Info: float package is loaded.
Package caption Info: hyperref package is loaded.
)
\c@subfigure=\count347
\c@subtable=\count348
)
Package biblatex Info: Trying to load language 'english'...
Package biblatex Info: ... file 'english.lbx' found.

(/usr/share/texmf/tex/latex/biblatex/latex/lbx/english.lbx
File: english.lbx 2016/03/03 v3.3 biblatex localization (PK/JW/AB)
)
Package csquotes Info: Checking for multilingual support...
Package csquotes Info: ... none found.

(./thesis_manteaux.aux

LaTeX Warning: Label `fig:teaser' multiply defined.

)
\openout1 = `thesis_manteaux.aux'.

LaTeX Font Info:    Checking defaults for OML/cmm/m/it on input line 85.
LaTeX Font Info:    ... okay on input line 85.
LaTeX Font Info:    Checking defaults for T1/cmr/m/n on input line 85.
LaTeX Font Info:    ... okay on input line 85.
LaTeX Font Info:    Checking defaults for OT1/cmr/m/n on input line 85.
LaTeX Font Info:    ... okay on input line 85.
LaTeX Font Info:    Checking defaults for OMS/cmsy/m/n on input line 85.
LaTeX Font Info:    ... okay on input line 85.
LaTeX Font Info:    Checking defaults for OMX/cmex/m/n on input line 85.
LaTeX Font Info:    ... okay on input line 85.
LaTeX Font Info:    Checking defaults for U/cmr/m/n on input line 85.
LaTeX Font Info:    ... okay on input line 85.
LaTeX Font Info:    Checking defaults for PD1/pdf/m/n on input line 85.
LaTeX Font Info:    ... okay on input line 85.
LaTeX Font Info:    Try loading font information for T1+lmr on input line 85.
 (/usr/share/texmf/tex/latex/lm/t1lmr.fd
File: t1lmr.fd 2009/10/30 v1.6 Font defs for Latin Modern
)
Package biblatex Info: Input encoding 'utf8' detected.
Package biblatex Info: Automatic encoding selection.
(biblatex)             Assuming data encoding 'utf8'.
\openout4 = `thesis_manteaux.bcf'.

Package biblatex Info: Trying to load bibliographic data...
Package biblatex Info: ... file 'thesis_manteaux.bbl' found.
 (./thesis_manteaux.bbl)
Package biblatex Info: Reference section=0 on input line 85.
Package biblatex Info: Reference segment=0 on input line 85.
\AtBeginShipoutBox=\box33
Package hyperref Info: Link coloring ON on input line 85.

(/usr/share/texlive/texmf-dist/tex/latex/hyperref/nameref.sty
Package: nameref 2012/10/27 v2.43 Cross-referencing by name of section

(/usr/share/texlive/texmf-dist/tex/generic/oberdiek/gettitlestring.sty
Package: gettitlestring 2010/12/03 v1.4 Cleanup title references (HO)
)
\c@section@level=\count349
)
Redoing nameref's sectioning
Redoing nameref's label
LaTeX Info: Redefining \nameref on input line 85.
LaTeX Info: Redefining \ref on input line 85.
LaTeX Info: Redefining \pageref on input line 85.
LaTeX Info: Redefining \nameref on input line 85.
(./thesis_manteaux.out) (./thesis_manteaux.out)
\@outlinefile=\write5
\openout5 = `thesis_manteaux.out'.


(/usr/share/texlive/texmf-dist/tex/context/base/supp-pdf.mkii
[Loading MPS to PDF converter (version 2006.09.02).]
\scratchcounter=\count350
\scratchdimen=\dimen173
\scratchbox=\box34
\nofMPsegments=\count351
\nofMParguments=\count352
\everyMPshowfont=\toks40
\MPscratchCnt=\count353
\MPscratchDim=\dimen174
\MPnumerator=\count354
\makeMPintoPDFobject=\count355
\everyMPtoPDFconversion=\toks41
) (/usr/share/texlive/texmf-dist/tex/latex/oberdiek/epstopdf-base.sty
Package: epstopdf-base 2010/02/09 v2.5 Base part for package epstopdf

(/usr/share/texlive/texmf-dist/tex/latex/oberdiek/grfext.sty
Package: grfext 2010/08/19 v1.1 Manage graphics extensions (HO)
)
Package grfext Info: Graphics extension search list:
(grfext)             [.png,.pdf,.jpg,.mps,.jpeg,.jbig2,.jb2,.PNG,.PDF,.JPG,.JPE
G,.JBIG2,.JB2,.eps]
(grfext)             \AppendGraphicsExtensions on input line 452.

(/usr/share/texlive/texmf-dist/tex/latex/latexconfig/epstopdf-sys.cfg
File: epstopdf-sys.cfg 2010/07/13 v1.3 Configuration of (r)epstopdf for TeX Liv
e
))
LaTeX Info: Redefining \microtypecontext on input line 85.
Package microtype Info: Generating PDF output.
Package microtype Info: Character protrusion enabled (level 2).
Package microtype Info: Using default protrusion set `alltext'.
Package microtype Info: Automatic font expansion enabled (level 2),
(microtype)             stretch: 10, shrink: 10, step: 1, non-selected.
Package microtype Info: Using default expansion set `basictext'.
Package microtype Info: Tracking enabled.
Package microtype Info: Using default tracking set `smallcaps'.
Package microtype Info: Adjustment of interword spacing enabled.
Package microtype Info: Using default spacing set `basictext'.
Package microtype Info: Adjustment of character kerning enabled.
Package microtype Info: Using default kerning set `alltext'.

(/usr/share/texlive/texmf-dist/tex/latex/microtype/mt-cmr.cfg
File: mt-cmr.cfg 2013/05/19 v2.2 microtype config. file: Computer Modern Roman 
(RS)
)
Package caption Info: Begin \AtBeginDocument code.
Package caption Info: End \AtBeginDocument code.
LaTeX Font Info:    Try loading font information for OT1+lmr on input line 91.

(/usr/share/texmf/tex/latex/lm/ot1lmr.fd
File: ot1lmr.fd 2009/10/30 v1.6 Font defs for Latin Modern
)
LaTeX Font Info:    Try loading font information for OML+lmm on input line 91.

(/usr/share/texmf/tex/latex/lm/omllmm.fd
File: omllmm.fd 2009/10/30 v1.6 Font defs for Latin Modern
)
LaTeX Font Info:    Try loading font information for OMS+lmsy on input line 91.


(/usr/share/texmf/tex/latex/lm/omslmsy.fd
File: omslmsy.fd 2009/10/30 v1.6 Font defs for Latin Modern
)
LaTeX Font Info:    Try loading font information for OMX+lmex on input line 91.


(/usr/share/texmf/tex/latex/lm/omxlmex.fd
File: omxlmex.fd 2009/10/30 v1.6 Font defs for Latin Modern
)
LaTeX Font Info:    External font `lmex10' loaded for size
(Font)              <12> on input line 91.
LaTeX Font Info:    External font `lmex10' loaded for size
(Font)              <8> on input line 91.
LaTeX Font Info:    External font `lmex10' loaded for size
(Font)              <6> on input line 91.
 [1

{/var/lib/texmf/fonts/map/pdftex/updmap/pdftex.map}]
LaTeX Font Info:    Try loading font information for OMS+lmr on input line 100.

 (/usr/share/texmf/tex/latex/lm/omslmr.fd
File: omslmr.fd 2009/10/30 v1.6 Font defs for Latin Modern
)
LaTeX Font Info:    Font shape `OMS/lmr/m/n' in size <10.95> not available
(Font)              Font shape `OMS/lmsy/m/n' tried instead on input line 100.
 [1


] [2

]
(./thesis_manteaux.toc
LaTeX Font Info:    External font `lmex10' loaded for size
(Font)              <10.95> on input line 4.
 [3

] [4]) [5]pdfTeX warning (ext4): destination with the same identifier (name{pag
e.1}) has been already used, duplicate ignored
<to be read again> 
                   \relax 
l.145 \section
              {Related publications} [1


] [2] [3

]
<images/continuum_mechanics/massConservation.png, id=380, 381.04358pt x 194.406
3pt>
File: images/continuum_mechanics/massConservation.png Graphic file (type png)
 <use images/continuum_mechanics/massConservation.png>
Package pdftex.def Info: images/continuum_mechanics/massConservation.png used o
n input line 184.
(pdftex.def)             Requested size: 304.83528pt x 155.52524pt.
 [4

 <./images/continuum_mechanics/massConservation.png>]
<images/continuum_mechanics/momentumConservation.png, id=390, 406.33807pt x 194
.22563pt>
File: images/continuum_mechanics/momentumConservation.png Graphic file (type pn
g)
 <use images/continuum_mechanics/momentumConservation.png>
Package pdftex.def Info: images/continuum_mechanics/momentumConservation.png us
ed on input line 213.
(pdftex.def)             Requested size: 325.07089pt x 155.3807pt.
 [5 <./images/continuum_mechanics/momentumConservation.png>] [6] [7] [8] [9]
Overfull \hbox (2.69072pt too wide) in paragraph at lines 466--467
[]\T1/lmr/m/n/10.95 (-10) Faire un tableau avec les références et ce que l'on p
eut y trou-ver d'intéressant. 
 []

[10] [11] [12] [13] [14]
<images/arps-vriphys2013/ReposSPHClassique1.jpg, id=507, 1284.8pt x 1027.84pt>
File: images/arps-vriphys2013/ReposSPHClassique1.jpg Graphic file (type jpg)

<use images/arps-vriphys2013/ReposSPHClassique1.jpg>
Package pdftex.def Info: images/arps-vriphys2013/ReposSPHClassique1.jpg used on
 input line 1065.
(pdftex.def)             Requested size: 147.59775pt x 118.0658pt.

<images/arps-vriphys2013/ReposSPHARPSColor1.jpg, id=508, 1284.8pt x 1027.84pt>
File: images/arps-vriphys2013/ReposSPHARPSColor1.jpg Graphic file (type jpg)

<use images/arps-vriphys2013/ReposSPHARPSColor1.jpg>
Package pdftex.def Info: images/arps-vriphys2013/ReposSPHARPSColor1.jpg used on
 input line 1066.
(pdftex.def)             Requested size: 147.59775pt x 118.0658pt.
 [15

 <./images/arps-vriphys2013/ReposSPHClassique1.jpg> <./images/arps-vriphys2013/
ReposSPHARPSColor1.jpg>] [16] [17]
LaTeX Font Info:    Try loading font information for OT1+lmtt on input line 119
8.
 (/usr/share/texmf/tex/latex/lm/ot1lmtt.fd
File: ot1lmtt.fd 2009/10/30 v1.6 Font defs for Latin Modern
)
Package microtype Info: Loading generic settings for font family
(microtype)             `lmtt' (encoding: OT1).
(microtype)             For optimal results, create family-specific settings.
(microtype)             See the microtype manual for details.
 [18]
<images/arps-vriphys2013/harmonicOscillatorPhasePortraitraw.jpeg, id=610, 1284.
8pt x 1027.84pt>
File: images/arps-vriphys2013/harmonicOscillatorPhasePortraitraw.jpeg Graphic f
ile (type jpg)

<use images/arps-vriphys2013/harmonicOscillatorPhasePortraitraw.jpeg>
Package pdftex.def Info: images/arps-vriphys2013/harmonicOscillatorPhasePortrai
traw.jpeg used on input line 1264.
(pdftex.def)             Requested size: 369.0pt x 295.19588pt.
 [19]
[20 <./images/arps-vriphys2013/harmonicOscillatorPhasePortraitraw.jpeg>]
<images/arps-vriphys2013/harmonicOscillatorDampedPhasePortraitraw.jpeg, id=641,
 1284.8pt x 1027.84pt>
File: images/arps-vriphys2013/harmonicOscillatorDampedPhasePortraitraw.jpeg Gra
phic file (type jpg)

<use images/arps-vriphys2013/harmonicOscillatorDampedPhasePortraitraw.jpeg>
Package pdftex.def Info: images/arps-vriphys2013/harmonicOscillatorDampedPhaseP
ortraitraw.jpeg used on input line 1345.
(pdftex.def)             Requested size: 369.0pt x 295.19588pt.

Underfull \hbox (badness 10000) in paragraph at lines 1332--1350

 []

[21]
<images/arps-vriphys2013/PermanentFlowSPH.jpg, id=658, 1284.8pt x 1027.84pt>
File: images/arps-vriphys2013/PermanentFlowSPH.jpg Graphic file (type jpg)

<use images/arps-vriphys2013/PermanentFlowSPH.jpg>
Package pdftex.def Info: images/arps-vriphys2013/PermanentFlowSPH.jpg used on i
nput line 1403.
(pdftex.def)             Requested size: 118.0827pt x 94.46205pt.

<images/arps-vriphys2013/PermanentFlowARPSColor.jpg, id=659, 1284.8pt x 1027.84
pt>
File: images/arps-vriphys2013/PermanentFlowARPSColor.jpg Graphic file (type jpg
)
 <use images/arps-vriphys2013/PermanentFlowARPSColor.jpg>
Package pdftex.def Info: images/arps-vriphys2013/PermanentFlowARPSColor.jpg use
d on input line 1404.
(pdftex.def)             Requested size: 118.0827pt x 94.46205pt.

<images/arps-vriphys2013/PermanentFlowARPSColor2.jpg, id=660, 1284.8pt x 1027.8
4pt>
File: images/arps-vriphys2013/PermanentFlowARPSColor2.jpg Graphic file (type jp
g)
 <use images/arps-vriphys2013/PermanentFlowARPSColor2.jpg>
Package pdftex.def Info: images/arps-vriphys2013/PermanentFlowARPSColor2.jpg us
ed on input line 1405.
(pdftex.def)             Requested size: 118.0827pt x 94.46205pt.

Overfull \hbox (21.24811pt too wide) in paragraph at lines 1402--1409
 [][] 
 []

[22 <./images/arps-vriphys2013/harmonicOscillatorDampedPhasePortraitraw.jpeg>]
[23 <./images/arps-vriphys2013/PermanentFlowSPH.jpg> <./images/arps-vriphys2013
/PermanentFlowARPSColor.jpg> <./images/arps-vriphys2013/PermanentFlowARPSColor2
.jpg>] [24]
Package hyperref Info: bookmark level for unknown algorithm defaults to 0 on in
put line 1496.

<images/arps-vriphys2013/implicitHOPPraw.jpeg, id=691, 1284.8pt x 1027.84pt>
File: images/arps-vriphys2013/implicitHOPPraw.jpeg Graphic file (type jpg)

<use images/arps-vriphys2013/implicitHOPPraw.jpeg>
Package pdftex.def Info: images/arps-vriphys2013/implicitHOPPraw.jpeg used on i
nput line 1512.
(pdftex.def)             Requested size: 369.0pt x 295.19588pt.
 [25 <./images/arps-vriphys2013/implicitHOPPraw.jpeg>]
<images/arps-vriphys2013/Square3.jpg, id=702, 1132.23pt x 483.8075pt>
File: images/arps-vriphys2013/Square3.jpg Graphic file (type jpg)

<use images/arps-vriphys2013/Square3.jpg>
Package pdftex.def Info: images/arps-vriphys2013/Square3.jpg used on input line
 1575.
(pdftex.def)             Requested size: 369.0pt x 157.67113pt.
 [26 <./images/arps-vriphys2013/Square3.jpg>] [27] [28] [29

]
<images/cutting-mig2015/Spiral2.pdf, id=731, 1927.2pt x 1084.05pt>
File: images/cutting-mig2015/Spiral2.pdf Graphic file (type pdf)

<use images/cutting-mig2015/Spiral2.pdf>
Package pdftex.def Info: images/cutting-mig2015/Spiral2.pdf used on input line 
1678.
(pdftex.def)             Requested size: 166.04887pt x 93.39189pt.

<images/cutting-mig2015/Kirigami.pdf, id=732, 1927.2pt x 1084.05pt>
File: images/cutting-mig2015/Kirigami.pdf Graphic file (type pdf)

<use images/cutting-mig2015/Kirigami.pdf>
Package pdftex.def Info: images/cutting-mig2015/Kirigami.pdf used on input line
 1683.
(pdftex.def)             Requested size: 166.04887pt x 93.39189pt.

<images/cutting-mig2015/spiral_mesh.pdf, id=733, 329.23pt x 330.02496pt>
File: images/cutting-mig2015/spiral_mesh.pdf Graphic file (type pdf)

<use images/cutting-mig2015/spiral_mesh.pdf>
Package pdftex.def Info: images/cutting-mig2015/spiral_mesh.pdf used on input l
ine 1703.
(pdftex.def)             Requested size: 73.79887pt x 73.97543pt.

<images/cutting-mig2015/sfRender_ff/weightShow.pdf, id=734, 5339.95pt x 1936.78
33pt>
File: images/cutting-mig2015/sfRender_ff/weightShow.pdf Graphic file (type pdf)

 <use images/cutting-mig2015/sfRender_ff/weightShow.pdf>
Package pdftex.def Info: images/cutting-mig2015/sfRender_ff/weightShow.pdf used
 on input line 1709.
(pdftex.def)             Requested size: 258.29887pt x 93.68268pt.
 [30 <./images/cutting-mig2015/Spiral2.pdf> <./images/cutting-mig2015/Kirigami.
pdf

pdfTeX warning: pdflatex (file ./images/cutting-mig2015/Kirigami.pdf): PDF incl
usion: multiple pdfs with page group included in a single page
>] [31 <./images/cutting-mig2015/spiral_mesh.pdf> <./images/cutting-mig2015/sfR
ender_ff/weightShow.pdf

pdfTeX warning: pdflatex (file ./images/cutting-mig2015/sfRender_ff/weightShow.
pdf): PDF inclusion: multiple pdfs with page group included in a single page
>] <images/cutting-mig2015/buildSF_1.pdf, id=811, 48.983pt x 48.983pt>
File: images/cutting-mig2015/buildSF_1.pdf Graphic file (type pdf)

<use images/cutting-mig2015/buildSF_1.pdf>
Package pdftex.def Info: images/cutting-mig2015/buildSF_1.pdf used on input lin
e 1738.
(pdftex.def)             Requested size: 73.79887pt x 73.80766pt.

<images/cutting-mig2015/buildSF_2.pdf, id=812, 48.983pt x 48.983pt>
File: images/cutting-mig2015/buildSF_2.pdf Graphic file (type pdf)

<use images/cutting-mig2015/buildSF_2.pdf>
Package pdftex.def Info: images/cutting-mig2015/buildSF_2.pdf used on input lin
e 1744.
(pdftex.def)             Requested size: 73.79887pt x 73.80766pt.

<images/cutting-mig2015/buildSF_3.pdf, id=813, 49.13007pt x 49.87787pt>
File: images/cutting-mig2015/buildSF_3.pdf Graphic file (type pdf)

<use images/cutting-mig2015/buildSF_3.pdf>
Package pdftex.def Info: images/cutting-mig2015/buildSF_3.pdf used on input lin
e 1750.
(pdftex.def)             Requested size: 73.79887pt x 74.92923pt.
 [32]

LaTeX Warning: `h' float specifier changed to `ht'.

<images/cutting-mig2015/connectivity.pdf, id=838, 48.983pt x 48.983pt>
File: images/cutting-mig2015/connectivity.pdf Graphic file (type pdf)

<use images/cutting-mig2015/connectivity.pdf>
Package pdftex.def Info: images/cutting-mig2015/connectivity.pdf used on input 
line 1784.
(pdftex.def)             Requested size: 73.79887pt x 73.80766pt.

<images/cutting-mig2015/simple_cut.pdf, id=839, 73.87599pt x 48.983pt>
File: images/cutting-mig2015/simple_cut.pdf Graphic file (type pdf)

<use images/cutting-mig2015/simple_cut.pdf>
Package pdftex.def Info: images/cutting-mig2015/simple_cut.pdf used on input li
ne 1790.
(pdftex.def)             Requested size: 110.70113pt x 73.40031pt.

<images/cutting-mig2015/little_pieces.pdf, id=840, 98.769pt x 48.983pt>
File: images/cutting-mig2015/little_pieces.pdf Graphic file (type pdf)

<use images/cutting-mig2015/little_pieces.pdf>
Package pdftex.def Info: images/cutting-mig2015/little_pieces.pdf used on input
 line 1796.
(pdftex.def)             Requested size: 147.59775pt x 73.20076pt.
 [33 <./images/cutting-mig2015/buildSF_1.pdf> <./images/cutting-mig2015/buildSF
_2.pdf

pdfTeX warning: pdflatex (file ./images/cutting-mig2015/buildSF_2.pdf): PDF inc
lusion: multiple pdfs with page group included in a single page
> <./images/cutting-mig2015/buildSF_3.pdf

pdfTeX warning: pdflatex (file ./images/cutting-mig2015/buildSF_3.pdf): PDF inc
lusion: multiple pdfs with page group included in a single page
>] [34 <./images/cutting-mig2015/connectivity.pdf> <./images/cutting-mig2015/si
mple_cut.pdf

pdfTeX warning: pdflatex (file ./images/cutting-mig2015/simple_cut.pdf): PDF in
clusion: multiple pdfs with page group included in a single page
> <./images/cutting-mig2015/little_pieces.pdf

pdfTeX warning: pdflatex (file ./images/cutting-mig2015/little_pieces.pdf): PDF
 inclusion: multiple pdfs with page group included in a single page
>] [35] <images/cutting-mig2015/buildNMG_1.pdf, id=887, 48.983pt x 48.983pt>
File: images/cutting-mig2015/buildNMG_1.pdf Graphic file (type pdf)

<use images/cutting-mig2015/buildNMG_1.pdf>
Package pdftex.def Info: images/cutting-mig2015/buildNMG_1.pdf used on input li
ne 1921.
(pdftex.def)             Requested size: 73.79887pt x 73.80766pt.

<images/cutting-mig2015/buildNMG_2.pdf, id=888, 48.983pt x 48.983pt>
File: images/cutting-mig2015/buildNMG_2.pdf Graphic file (type pdf)

<use images/cutting-mig2015/buildNMG_2.pdf>
Package pdftex.def Info: images/cutting-mig2015/buildNMG_2.pdf used on input li
ne 1927.
(pdftex.def)             Requested size: 73.79887pt x 73.80766pt.

<images/cutting-mig2015/buildNMG_3.pdf, id=889, 48.983pt x 48.983pt>
File: images/cutting-mig2015/buildNMG_3.pdf Graphic file (type pdf)

<use images/cutting-mig2015/buildNMG_3.pdf>
Package pdftex.def Info: images/cutting-mig2015/buildNMG_3.pdf used on input li
ne 1933.
(pdftex.def)             Requested size: 73.79887pt x 73.80766pt.

<images/cutting-mig2015/buildNMG_4.pdf, id=890, 48.983pt x 48.983pt>
File: images/cutting-mig2015/buildNMG_4.pdf Graphic file (type pdf)

<use images/cutting-mig2015/buildNMG_4.pdf>
Package pdftex.def Info: images/cutting-mig2015/buildNMG_4.pdf used on input li
ne 1939.
(pdftex.def)             Requested size: 73.79887pt x 73.80766pt.
 [36] [37] [38 <./images/cutting-mig2015/buildNMG_1.pdf> <./images/cutting-mig2
015/buildNMG_2.pdf

pdfTeX warning: pdflatex (file ./images/cutting-mig2015/buildNMG_2.pdf): PDF in
clusion: multiple pdfs with page group included in a single page
> <./images/cutting-mig2015/buildNMG_3.pdf

pdfTeX warning: pdflatex (file ./images/cutting-mig2015/buildNMG_3.pdf): PDF in
clusion: multiple pdfs with page group included in a single page
> <./images/cutting-mig2015/buildNMG_4.pdf

pdfTeX warning: pdflatex (file ./images/cutting-mig2015/buildNMG_4.pdf): PDF in
clusion: multiple pdfs with page group included in a single page
>] <images/cutting-mig2015/Patchwork.pdf, id=913, 1541.76pt x 867.24pt>
File: images/cutting-mig2015/Patchwork.pdf Graphic file (type pdf)

<use images/cutting-mig2015/Patchwork.pdf>
Package pdftex.def Info: images/cutting-mig2015/Patchwork.pdf used on input lin
e 1986.
(pdftex.def)             Requested size: 121.77068pt x 68.494pt.

<images/cutting-mig2015/FallingGuy.pdf, id=914, 1541.76pt x 867.24pt>
File: images/cutting-mig2015/FallingGuy.pdf Graphic file (type pdf)

<use images/cutting-mig2015/FallingGuy.pdf>
Package pdftex.def Info: images/cutting-mig2015/FallingGuy.pdf used on input li
ne 1992.
(pdftex.def)             Requested size: 121.77068pt x 68.494pt.

<images/cutting-mig2015/Vortex.pdf, id=915, 1541.76pt x 867.24pt>
File: images/cutting-mig2015/Vortex.pdf Graphic file (type pdf)

<use images/cutting-mig2015/Vortex.pdf>
Package pdftex.def Info: images/cutting-mig2015/Vortex.pdf used on input line 1
998.
(pdftex.def)             Requested size: 121.77068pt x 68.494pt.
 [39]
Overfull \hbox (239.9499pt too wide) in paragraph at lines 2007--2016
 [][] 
 []


Overfull \hbox (175.63123pt too wide) in paragraph at lines 2022--2031
 [][] 
 []

[40 <./images/cutting-mig2015/Patchwork.pdf> <./images/cutting-mig2015/FallingG
uy.pdf

pdfTeX warning: pdflatex (file ./images/cutting-mig2015/FallingGuy.pdf): PDF in
clusion: multiple pdfs with page group included in a single page
> <./images/cutting-mig2015/Vortex.pdf

pdfTeX warning: pdflatex (file ./images/cutting-mig2015/Vortex.pdf): PDF inclus
ion: multiple pdfs with page group included in a single page
>] [41] [42]
<images/cutting-mig2015/remeshing_1.pdf, id=976, 49.2742pt x 57.013pt>
File: images/cutting-mig2015/remeshing_1.pdf Graphic file (type pdf)

<use images/cutting-mig2015/remeshing_1.pdf>
Package pdftex.def Info: images/cutting-mig2015/remeshing_1.pdf used on input l
ine 2112.
(pdftex.def)             Requested size: 54.10027pt x 62.59596pt.

<images/cutting-mig2015/remeshing_2.pdf, id=977, 49.15866pt x 56.78716pt>
File: images/cutting-mig2015/remeshing_2.pdf Graphic file (type pdf)

<use images/cutting-mig2015/remeshing_2.pdf>
Package pdftex.def Info: images/cutting-mig2015/remeshing_2.pdf used on input l
ine 2118.
(pdftex.def)             Requested size: 54.1887pt x 62.59596pt.

<images/cutting-mig2015/remeshing_3.pdf, id=978, 49.17563pt x 56.78716pt>
File: images/cutting-mig2015/remeshing_3.pdf Graphic file (type pdf)

<use images/cutting-mig2015/remeshing_3.pdf>
Package pdftex.def Info: images/cutting-mig2015/remeshing_3.pdf used on input l
ine 2124.
(pdftex.def)             Requested size: 54.20738pt x 62.59596pt.

<images/cutting-mig2015/basic_mesh.pdf, id=979, 48.983pt x 49.03319pt>
File: images/cutting-mig2015/basic_mesh.pdf Graphic file (type pdf)

<use images/cutting-mig2015/basic_mesh.pdf>
Package pdftex.def Info: images/cutting-mig2015/basic_mesh.pdf used on input li
ne 2134.
(pdftex.def)             Requested size: 62.53358pt x 62.59596pt.

<images/cutting-mig2015/edge_split.pdf, id=980, 48.983pt x 49.00809pt>
File: images/cutting-mig2015/edge_split.pdf Graphic file (type pdf)

<use images/cutting-mig2015/edge_split.pdf>
Package pdftex.def Info: images/cutting-mig2015/edge_split.pdf used on input li
ne 2140.
(pdftex.def)             Requested size: 62.56348pt x 62.59596pt.

<images/cutting-mig2015/vertex_insertion.pdf, id=981, 48.983pt x 49.13028pt>
File: images/cutting-mig2015/vertex_insertion.pdf Graphic file (type pdf)

<use images/cutting-mig2015/vertex_insertion.pdf>
Package pdftex.def Info: images/cutting-mig2015/vertex_insertion.pdf used on in
put line 2146.
(pdftex.def)             Requested size: 62.40952pt x 62.59596pt.

<images/cutting-mig2015/vertex_splitting_1.pdf, id=982, 53.0442pt x 51.01918pt>
File: images/cutting-mig2015/vertex_splitting_1.pdf Graphic file (type pdf)
<use images/cutting-mig2015/vertex_splitting_1.pdf>
Package pdftex.def Info: images/cutting-mig2015/vertex_splitting_1.pdf used on 
input line 2156.
(pdftex.def)             Requested size: 65.08452pt x 62.59596pt.

<images/cutting-mig2015/vertex_splitting_2.pdf, id=983, 53.0442pt x 50.6831pt>
File: images/cutting-mig2015/vertex_splitting_2.pdf Graphic file (type pdf)

<use images/cutting-mig2015/vertex_splitting_2.pdf>
Package pdftex.def Info: images/cutting-mig2015/vertex_splitting_2.pdf used on 
input line 2161.
(pdftex.def)             Requested size: 65.51593pt x 62.59596pt.

<images/cutting-mig2015/vertex_splitting_3.pdf, id=984, 53.0442pt x 50.67921pt>
File: images/cutting-mig2015/vertex_splitting_3.pdf Graphic file (type pdf)
<use images/cutting-mig2015/vertex_splitting_3.pdf>
Package pdftex.def Info: images/cutting-mig2015/vertex_splitting_3.pdf used on 
input line 2166.
(pdftex.def)             Requested size: 65.52078pt x 62.59596pt.
 [43] [44 <./images/cutting-mig2015/remeshing_1.pdf> <./images/cutting-mig2015/
remeshing_2.pdf

pdfTeX warning: pdflatex (file ./images/cutting-mig2015/remeshing_2.pdf): PDF i
nclusion: multiple pdfs with page group included in a single page
> <./images/cutting-mig2015/remeshing_3.pdf

pdfTeX warning: pdflatex (file ./images/cutting-mig2015/remeshing_3.pdf): PDF i
nclusion: multiple pdfs with page group included in a single page
> <./images/cutting-mig2015/basic_mesh.pdf

pdfTeX warning: pdflatex (file ./images/cutting-mig2015/basic_mesh.pdf): PDF in
clusion: multiple pdfs with page group included in a single page
> <./images/cutting-mig2015/edge_split.pdf

pdfTeX warning: pdflatex (file ./images/cutting-mig2015/edge_split.pdf): PDF in
clusion: multiple pdfs with page group included in a single page
> <./images/cutting-mig2015/vertex_insertion.pdf

pdfTeX warning: pdflatex (file ./images/cutting-mig2015/vertex_insertion.pdf): 
PDF inclusion: multiple pdfs with page group included in a single page
> <./images/cutting-mig2015/vertex_splitting_1.pdf

pdfTeX warning: pdflatex (file ./images/cutting-mig2015/vertex_splitting_1.pdf)
: PDF inclusion: multiple pdfs with page group included in a single page
> <./images/cutting-mig2015/vertex_splitting_2.pdf

pdfTeX warning: pdflatex (file ./images/cutting-mig2015/vertex_splitting_2.pdf)
: PDF inclusion: multiple pdfs with page group included in a single page
> <./images/cutting-mig2015/vertex_splitting_3.pdf

pdfTeX warning: pdflatex (file ./images/cutting-mig2015/vertex_splitting_3.pdf)
: PDF inclusion: multiple pdfs with page group included in a single page
>] [45

] [46

] [47

] [48


]
Overfull \hbox (12.59619pt too wide) in paragraph at lines 2208--2208
[]\T1/lmr/m/n/10.95 (-10) Zhili Chen, Miao-jun Yao, Ren-guo Feng, and Huamin Wa
ng. ^^P  Physics-
 []

[49]
Overfull \hbox (5.16548pt too wide) in paragraph at lines 2208--2208
[]\T1/lmr/m/n/10.95 (-10) Markus Ihm-sen, Nadir Ak-inci, Marc Gissler, and Matt
hias Teschner.
 []

[50] [51] [52] (./thesis_manteaux.lof [53] [54]) [55] [56]
(./thesis_manteaux.loa) (./thesis_manteaux.lot) [57

]
\tf@toc=\write6
\openout6 = `thesis_manteaux.toc'.

\tf@lof=\write7
\openout7 = `thesis_manteaux.lof'.

\tf@loa=\write8
\openout8 = `thesis_manteaux.loa'.

\tf@lot=\write9
\openout9 = `thesis_manteaux.lot'.

Package atveryend Info: Empty hook `BeforeClearDocument' on input line 2215.
Package atveryend Info: Empty hook `AfterLastShipout' on input line 2215.
 (./thesis_manteaux.aux)
Package atveryend Info: Executing hook `AtVeryEndDocument' on input line 2215.
Package atveryend Info: Executing hook `AtEndAfterFileList' on input line 2215.

Package rerunfilecheck Info: File `thesis_manteaux.out' has not changed.
(rerunfilecheck)             Checksum: 8F8D8AE77B0A098C10AE4A1541085A8B;4283.


LaTeX Warning: There were multiply-defined labels.

Package logreq Info: Writing requests to 'thesis_manteaux.run.xml'.
\openout1 = `thesis_manteaux.run.xml'.

 ) 
Here is how much of TeX's memory you used:
 20428 strings out of 494958
 330011 string characters out of 6179212
 814855 words of memory out of 5000000
 22935 multiletter control sequences out of 15000+600000
 104115 words of font info for 115 fonts, out of 8000000 for 9000
 36 hyphenation exceptions out of 8191
 48i,14n,48p,1378b,1208s stack positions out of 5000i,500n,10000p,200000b,80000s
{/usr/share/texmf/fonts/enc/dvips/lm/lm-ec.enc}{/usr/share/texmf/fonts/enc/dv
ips/lm/lm-rmtt.enc}{/usr/share/texmf/fonts/enc/dvips/lm/lm-mathit.enc}{/usr/sha
re/texmf/fonts/enc/dvips/lm/lm-rm.enc}{/usr/share/texmf/fonts/enc/dvips/lm/lm-m
athsy.enc}{/usr/share/texmf/fonts/enc/dvips/lm/lm-mathex.enc}</usr/share/texmf/
fonts/type1/public/lm/lmbx10.pfb></usr/share/texmf/fonts/type1/public/lm/lmbx12
.pfb></usr/share/texmf/fonts/type1/public/lm/lmbx8.pfb></usr/share/texmf/fonts/
type1/public/lm/lmcsc10.pfb></usr/share/texmf/fonts/type1/public/lm/lmex10.pfb>
</usr/share/texmf/fonts/type1/public/lm/lmmi10.pfb></usr/share/texmf/fonts/type
1/public/lm/lmmi6.pfb></usr/share/texmf/fonts/type1/public/lm/lmmi8.pfb></usr/s
hare/texmf/fonts/type1/public/lm/lmr10.pfb></usr/share/texmf/fonts/type1/public
/lm/lmr12.pfb></usr/share/texmf/fonts/type1/public/lm/lmr17.pfb></usr/share/tex
mf/fonts/type1/public/lm/lmr8.pfb></usr/share/texmf/fonts/type1/public/lm/lmr9.
pfb></usr/share/texmf/fonts/type1/public/lm/lmri10.pfb></usr/share/texmf/fonts/
type1/public/lm/lmro10.pfb></usr/share/texmf/fonts/type1/public/lm/lmsy10.pfb><
/usr/share/texmf/fonts/type1/public/lm/lmsy8.pfb></usr/share/texmf/fonts/type1/
public/lm/lmtt8.pfb>
Output written on thesis_manteaux.pdf (63 pages, 10644086 bytes).
PDF statistics:
 1292 PDF objects out of 1440 (max. 8388607)
 1137 compressed objects within 12 object streams
 313 named destinations out of 1000 (max. 500000)
 31930 words of extra memory for PDF output out of 35830 (max. 10000000)

