\BOOKMARK [0][-]{chapter*.1}{TODO}{}% 1
\BOOKMARK [0][-]{chapter*.2}{R\351sum\351}{}% 2
\BOOKMARK [0][-]{chapter*.3}{Abstract}{}% 3
\BOOKMARK [0][-]{section*.4}{Contents}{}% 4
\BOOKMARK [0][-]{chapter.1}{Introduction}{}% 5
\BOOKMARK [1][-]{section.1.1}{Problems}{chapter.1}% 6
\BOOKMARK [1][-]{section.1.2}{Contributions}{chapter.1}% 7
\BOOKMARK [1][-]{section.1.3}{Collaborations}{chapter.1}% 8
\BOOKMARK [1][-]{section.1.4}{Structure of the document}{chapter.1}% 9
\BOOKMARK [1][-]{section.1.5}{Related publications}{chapter.1}% 10
\BOOKMARK [0][-]{chapter.2}{Notation}{}% 11
\BOOKMARK [0][-]{chapter.3}{State of the art}{}% 12
\BOOKMARK [1][-]{section.3.1}{Continuum mechanics}{chapter.3}% 13
\BOOKMARK [2][-]{subsection.3.1.1}{Equations of motion}{section.3.1}% 14
\BOOKMARK [3][-]{subsubsection.3.1.1.1}{Conservation of mass}{subsection.3.1.1}% 15
\BOOKMARK [3][-]{subsubsection.3.1.1.2}{Conservation of momentum}{subsection.3.1.1}% 16
\BOOKMARK [3][-]{subsubsection.3.1.1.3}{Lagrangian vs. Eulerian}{subsection.3.1.1}% 17
\BOOKMARK [3][-]{subsubsection.3.1.1.4}{Spatial discretization}{subsection.3.1.1}% 18
\BOOKMARK [3][-]{subsubsection.3.1.1.5}{Temporal integration}{subsection.3.1.1}% 19
\BOOKMARK [2][-]{subsection.3.1.2}{Fluid mechanics}{section.3.1}% 20
\BOOKMARK [3][-]{subsubsection.3.1.2.1}{Constitutive Law}{subsection.3.1.2}% 21
\BOOKMARK [3][-]{subsubsection.3.1.2.2}{SPH model}{subsection.3.1.2}% 22
\BOOKMARK [2][-]{subsection.3.1.3}{Solid mechanics}{section.3.1}% 23
\BOOKMARK [3][-]{subsubsection.3.1.3.1}{Constitutive Law}{subsection.3.1.3}% 24
\BOOKMARK [3][-]{subsubsection.3.1.3.2}{Frame-based model}{subsection.3.1.3}% 25
\BOOKMARK [1][-]{section.3.2}{Adaptive techniques and model for physics-based animation}{chapter.3}% 26
\BOOKMARK [1][-]{section.3.3}{Control of physics-based animation}{chapter.3}% 27
\BOOKMARK [1][-]{section.3.4}{Modeling of animated physical phenomena}{chapter.3}% 28
\BOOKMARK [0][-]{chapter.4}{ARPS}{}% 29
\BOOKMARK [1][-]{section.4.1}{Introduction}{chapter.4}% 30
\BOOKMARK [1][-]{section.4.2}{Previous work}{chapter.4}% 31
\BOOKMARK [1][-]{section.4.3}{Adaptively Restrained Particles}{chapter.4}% 32
\BOOKMARK [1][-]{section.4.4}{ Extension to SPH fluid simulation }{chapter.4}% 33
\BOOKMARK [2][-]{subsection.4.4.1}{Viscosity}{section.4.4}% 34
\BOOKMARK [2][-]{subsection.4.4.2}{Modified inactivity criterion}{section.4.4}% 35
\BOOKMARK [2][-]{subsection.4.4.3}{Performance}{section.4.4}% 36
\BOOKMARK [1][-]{section.4.5}{Extension to stiff objects: Implicit Integration}{chapter.4}% 37
\BOOKMARK [2][-]{subsection.4.5.1}{ ARPS Implicit Integration }{section.4.5}% 38
\BOOKMARK [1][-]{section.4.6}{Implementation}{chapter.4}% 39
\BOOKMARK [2][-]{subsection.4.6.1}{ Parameters }{section.4.6}% 40
\BOOKMARK [2][-]{subsection.4.6.2}{Linear solver}{section.4.6}% 41
\BOOKMARK [2][-]{subsection.4.6.3}{Choice of the restraining function and criterion}{section.4.6}% 42
\BOOKMARK [1][-]{section.4.7}{Discussion and concluding remarks}{chapter.4}% 43
\BOOKMARK [0][-]{chapter.5}{Frame-based cutting}{}% 44
\BOOKMARK [1][-]{section.5.1}{Introduction}{chapter.5}% 45
\BOOKMARK [1][-]{section.5.2}{Related Work}{chapter.5}% 46
\BOOKMARK [1][-]{section.5.3}{Overview}{chapter.5}% 47
\BOOKMARK [1][-]{section.5.4}{Adaptive shape functions}{chapter.5}% 48
\BOOKMARK [2][-]{subsection.5.4.1}{Voronoi shape function}{section.5.4}% 49
\BOOKMARK [2][-]{subsection.5.4.2}{Non-manifold grid}{section.5.4}% 50
\BOOKMARK [1][-]{section.5.5}{Frame re-sampling}{chapter.5}% 51
\BOOKMARK [1][-]{section.5.6}{Incremental update}{chapter.5}% 52
\BOOKMARK [2][-]{subsection.5.6.1}{Re-sampling}{section.5.6}% 53
\BOOKMARK [2][-]{subsection.5.6.2}{Integration point update}{section.5.6}% 54
\BOOKMARK [2][-]{subsection.5.6.3}{Local weights update}{section.5.6}% 55
\BOOKMARK [1][-]{section.5.7}{Results}{chapter.5}% 56
\BOOKMARK [1][-]{section.5.8}{Discussion}{chapter.5}% 57
\BOOKMARK [1][-]{section.5.9}{Remeshing}{chapter.5}% 58
\BOOKMARK [0][-]{chapter.6}{Fluid sculpting}{}% 59
\BOOKMARK [0][-]{chapter.7}{Storyboarding physical animations}{}% 60
\BOOKMARK [0][-]{chapter.8}{Conclusion}{}% 61
\BOOKMARK [0][-]{section*.51}{Bibliography}{}% 62
\BOOKMARK [0][-]{section*.52}{List of Figures}{}% 63
\BOOKMARK [0][-]{section*.54}{List of Tables}{}% 64
